<?xml version="1.0" encoding="UTF-8"?>
<!-- Generated by org.testng.reporters.JUnitReportReporter -->
<testsuite hostname="RLP1725" failures="0" tests="1" name="test.java.com.ofs.testcases.DemoSmokeTestCase" time="6.040" errors="0" timestamp="24 May 2022 06:47:38 GMT" skipped="0">
  <testcase classname="test.java.com.ofs.testcases.DemoSmokeTestCase" name="testRegTestCase" time="6.040"/>
</testsuite> <!-- test.java.com.ofs.testcases.DemoSmokeTestCase -->
